18-10-23 04:07:14 - Error en General: An Error Was Encountered - Mensaje: <p>The URI you submitted has disallowed characters.</p>
18-10-23 11:52:23 - Error en General: An Error Was Encountered - Mensaje: <p>The URI you submitted has disallowed characters.</p>
20-10-23 12:17:01 - Error en General: An Error Was Encountered - Mensaje: <p>The URI you submitted has disallowed characters.</p>
20-10-23 12:17:02 - Error en General: An Error Was Encountered - Mensaje: <p>The URI you submitted has disallowed characters.</p>
20-10-23 12:17:03 - Error en General: An Error Was Encountered - Mensaje: <p>The URI you submitted has disallowed characters.</p>
20-10-23 12:17:03 - Error en General: An Error Was Encountered - Mensaje: <p>The URI you submitted has disallowed characters.</p>
26-10-23 18:09:20 - Error en General: An Error Was Encountered - Mensaje: <p>Unable to load the requested file: clientes/consentimiento_alineadores_generico_view.php</p>
26-10-23 18:09:34 - Error en General: An Error Was Encountered - Mensaje: <p>Unable to load the requested file: clientes/consentimiento_alineadores_generico_view.php</p>
26-10-23 18:10:21 - Error en General: An Error Was Encountered - Mensaje: <p>Unable to load the requested file: clientes/consentimiento_alineadores_generico_view.php</p>
26-10-23 18:24:51 - Error en General: An Error Was Encountered - Mensaje: <p>Unable to load the requested file: clientes/consentimiento_alineadores_generico_view.php</p>
31-10-23 21:06:14 - Error en General: An Error Was Encountered - Mensaje: <p>Unable to load the requested file: clientes/consentimiento_invisalign_view.php</p>
01-11-23 19:43:52 - Error en General: An Error Was Encountered - Mensaje: <p>Unable to load the requested file: clientes/consentimiento_extracion_view.php</p>
01-11-23 19:46:04 - Error en General: An Error Was Encountered - Mensaje: <p>Unable to load the requested file: clientes/consentimiento_extracion_view.php</p>
01-11-23 20:11:17 - Error en General: An Error Was Encountered - Mensaje: <p>Unable to load the requested file: clientes/consentimiento_implante_dental_view.php</p>
06-11-23 17:42:17 - Error en General: An Error Was Encountered - Mensaje: <p>The URI you submitted has disallowed characters.</p>
06-11-23 17:58:32 - Error en General: An Error Was Encountered - Mensaje: <p>The URI you submitted has disallowed characters.</p>
08-11-23 10:12:10 - Error en General: An Error Was Encountered - Mensaje: <p>The URI you submitted has disallowed characters.</p>
10-11-23 09:46:15 - Error en General: An Error Was Encountered - Mensaje: <p>The URI you submitted has disallowed characters.</p>
13-11-23 13:37:03 - Error en General: An Error Was Encountered - Mensaje: <p>The URI you submitted has disallowed characters.</p>
20-11-23 17:33:37 - Error en General: An Error Was Encountered - Mensaje: <p>The URI you submitted has disallowed characters.</p>
22-11-23 16:31:10 - Error en General: An Error Was Encountered - Mensaje: <p>The URI you submitted has disallowed characters.</p>
23-11-23 11:27:07 - Error en General: An Error Was Encountered - Mensaje: <p>The URI you submitted has disallowed characters.</p>
24-11-23 18:18:24 - Error en General: An Error Was Encountered - Mensaje: <p>The URI you submitted has disallowed characters.</p>
24-11-23 18:18:25 - Error en General: An Error Was Encountered - Mensaje: <p>The URI you submitted has disallowed characters.</p>
24-11-23 18:18:26 - Error en General: An Error Was Encountered - Mensaje: <p>The URI you submitted has disallowed characters.</p>
28-11-23 17:14:33 - Error en General: An Error Was Encountered - Mensaje: <p>The URI you submitted has disallowed characters.</p>
